"2019-01-23 07:23:26 [main] INFO  c.s.n.NexteventApplicationTests - Starting NexteventApplicationTests on BLR-STR-SANJU with PID 835 (started by sanju in /home/sanju/Downloads/nextevent/eventbrite-service)
""2019-01-23 07:23:26 [main] DEBUG c.s.n.NexteventApplicationTests - Running with Spring Boot v2.1.1.RELEASE, Spring v5.1.3.RELEASE
""2019-01-23 07:23:26 [main] INFO  c.s.n.NexteventApplicationTests - No active profile set, falling back to default profiles: default
""2019-01-23 07:23:27 [main] INFO  o.s.d.r.c.RepositoryConfigurationDelegate - Bootstrapping Spring Data repositories in DEFAULT mode.
""2019-01-23 07:23:27 [main] INFO  o.s.d.r.c.RepositoryConfigurationDelegate - Finished Spring Data repository scanning in 51ms. Found 1 repository interfaces.
""2019-01-23 07:23:27 [main] INFO  org.mongodb.driver.cluster - Cluster created with settings {hosts=[localhost:27017], mode=SINGLE, requiredClusterType=UNKNOWN, serverSelectionTimeout='30000 ms', maxWaitQueueSize=500}
""2019-01-23 07:23:27 [cluster-ClusterId{value='5c47c917d9a5380343f0fa4d', description='null'}-localhost:27017] INFO  org.mongodb.driver.cluster - Exception in monitor thread while connecting to server localhost:27017
"com.mongodb.MongoSocketOpenException: Exception opening socket
	at com.mongodb.internal.connection.SocketStream.open(SocketStream.java:67)
	at com.mongodb.internal.connection.InternalStreamConnection.open(InternalStreamConnection.java:126)
	at com.mongodb.internal.connection.DefaultServerMonitor$ServerMonitorRunnable.run(DefaultServerMonitor.java:117)
	at java.base/java.lang.Thread.run(Thread.java:844)
Caused by: java.net.ConnectException: Connection refused (Connection refused)
	at java.base/java.net.PlainSocketImpl.socketConnect(Native Method)
	at java.base/java.net.AbstractPlainSocketImpl.doConnect(AbstractPlainSocketImpl.java:400)
	at java.base/java.net.AbstractPlainSocketImpl.connectToAddress(AbstractPlainSocketImpl.java:243)
	at java.base/java.net.AbstractPlainSocketImpl.connect(AbstractPlainSocketImpl.java:225)
	at java.base/java.net.SocksSocketImpl.connect(SocksSocketImpl.java:402)
	at java.base/java.net.Socket.connect(Socket.java:591)
	at com.mongodb.internal.connection.SocketStreamHelper.initialize(SocketStreamHelper.java:64)
	at com.mongodb.internal.connection.SocketStream.open(SocketStream.java:62)
	... 3 common frames omitted
"2019-01-23 07:23:28 [main] INFO  c.s.n.NexteventApplicationTests - Starting NexteventApplicationTests on BLR-STR-SANJU with PID 894 (started by sanju in /home/sanju/Downloads/nextevent/eventbrite-service)
""2019-01-23 07:23:28 [main] DEBUG c.s.n.NexteventApplicationTests - Running with Spring Boot v2.1.1.RELEASE, Spring v5.1.3.RELEASE
""2019-01-23 07:23:28 [main] INFO  c.s.n.NexteventApplicationTests - No active profile set, falling back to default profiles: default
""2019-01-23 07:23:29 [main] INFO  s.d.s.w.PropertySourcedRequestMappingHandlerMapping - Mapped URL path [/v2/api-docs] onto method [public org.springframework.http.ResponseEntity<springfox.documentation.spring.web.json.Json> springfox.documentation.swagger2.web.Swagger2Controller.getDocumentation(java.lang.String,javax.servlet.http.HttpServletRequest)]
""2019-01-23 07:23:29 [main] INFO  o.s.d.r.c.RepositoryConfigurationDelegate - Bootstrapping Spring Data repositories in DEFAULT mode.
""2019-01-23 07:23:29 [main] INFO  o.s.s.c.ThreadPoolTaskExecutor - Initializing ExecutorService 'applicationTaskExecutor'
""2019-01-23 07:23:29 [main] INFO  o.s.d.r.c.RepositoryConfigurationDelegate - Finished Spring Data repository scanning in 78ms. Found 1 repository interfaces.
""2019-01-23 07:23:30 [main] INFO  s.d.s.w.p.DocumentationPluginsBootstrapper - Context refreshed
""2019-01-23 07:23:30 [main] INFO  s.d.s.w.p.DocumentationPluginsBootstrapper - Found 1 custom documentation plugin(s)
""2019-01-23 07:23:30 [main] INFO  s.d.s.w.s.ApiListingReferenceScanner - Scanning for api listing references
""2019-01-23 07:23:30 [main] INFO  c.s.n.NexteventApplicationTests - Started NexteventApplicationTests in 4.807 seconds (JVM running for 6.582)
""2019-01-23 07:23:30 [main] INFO  o.s.b.t.a.w.s.WebMvcTestContextBootstrapper - Neither @ContextConfiguration nor @ContextHierarchy found for test class [com.stackroute.nextevent.controller.EventControllerTest], using SpringBootContextLoader
""2019-01-23 07:23:30 [main] INFO  o.s.t.c.s.AbstractContextLoader - Could not detect default resource locations for test class [com.stackroute.nextevent.controller.EventControllerTest]: no resource found for suffixes {-context.xml, Context.groovy}.
""2019-01-23 07:23:30 [main] INFO  o.s.t.c.s.AnnotationConfigContextLoaderUtils - Could not detect default configuration classes for test class [com.stackroute.nextevent.controller.EventControllerTest]: EventControllerTest does not declare any static, non-private, non-final, nested classes annotated with @Configuration.
""2019-01-23 07:23:30 [main] INFO  o.s.b.t.c.SpringBootTestContextBootstrapper - Found @SpringBootConfiguration com.stackroute.nextevent.NexteventApplication for test class com.stackroute.nextevent.controller.EventControllerTest
""2019-01-23 07:23:30 [main] INFO  o.s.b.t.a.w.s.WebMvcTestContextBootstrapper - Loaded default TestExecutionListener class names from location [META-INF/spring.factories]: [org.springframework.boot.test.mock.mockito.MockitoTestExecutionListener, org.springframework.boot.test.mock.mockito.ResetMocksTestExecutionListener, org.springframework.boot.test.autoconfigure.restdocs.RestDocsTestExecutionListener, org.springframework.boot.test.autoconfigure.web.client.MockRestServiceServerResetTestExecutionListener, org.springframework.boot.test.autoconfigure.web.servlet.MockMvcPrintOnlyOnFailureTestExecutionListener, org.springframework.boot.test.autoconfigure.web.servlet.WebDriverTestExecutionListener, org.springframework.test.context.web.ServletTestExecutionListener, org.springframework.test.context.support.DirtiesContextBeforeModesTestExecutionListener, org.springframework.test.context.support.DependencyInjectionTestExecutionListener, org.springframework.test.context.support.DirtiesContextTestExecutionListener, org.springframework.test.context.transaction.TransactionalTestExecutionListener, org.springframework.test.context.jdbc.SqlScriptsTestExecutionListener]
""2019-01-23 07:23:30 [main] INFO  o.s.b.t.a.w.s.WebMvcTestContextBootstrapper - Using TestExecutionListeners: [org.springframework.test.context.web.ServletTestExecutionListener@416c1b0, org.springframework.test.context.support.DirtiesContextBeforeModesTestExecutionListener@363ba634, org.springframework.boot.test.mock.mockito.MockitoTestExecutionListener@60fe75f7, org.springframework.boot.test.autoconfigure.SpringBootDependencyInjectionTestExecutionListener@4e26c308, org.springframework.test.context.support.DirtiesContextTestExecutionListener@7c8f803d, org.springframework.test.context.transaction.TransactionalTestExecutionListener@176e839e, org.springframework.test.context.jdbc.SqlScriptsTestExecutionListener@4ac0d49, org.springframework.boot.test.mock.mockito.ResetMocksTestExecutionListener@7c6ab057, org.springframework.boot.test.autoconfigure.restdocs.RestDocsTestExecutionListener@7ce4498f, org.springframework.boot.test.autoconfigure.web.client.MockRestServiceServerResetTestExecutionListener@1f7557fe, org.springframework.boot.test.autoconfigure.web.servlet.MockMvcPrintOnlyOnFailureTestExecutionListener@7bd7d71c, org.springframework.boot.test.autoconfigure.web.servlet.WebDriverTestExecutionListener@52963839]
""2019-01-23 07:23:30 [main] INFO  c.s.n.controller.EventControllerTest - Starting EventControllerTest on BLR-STR-SANJU with PID 835 (started by sanju in /home/sanju/Downloads/nextevent/eventbrite-service)
""2019-01-23 07:23:30 [main] DEBUG c.s.n.controller.EventControllerTest - Running with Spring Boot v2.1.1.RELEASE, Spring v5.1.3.RELEASE
""2019-01-23 07:23:30 [main] INFO  c.s.n.controller.EventControllerTest - No active profile set, falling back to default profiles: default
""2019-01-23 07:23:30 [main] INFO  org.mongodb.driver.cluster - Cluster created with settings {hosts=[localhost:27017], mode=SINGLE, requiredClusterType=UNKNOWN, serverSelectionTimeout='30000 ms', maxWaitQueueSize=500}
""2019-01-23 07:23:30 [cluster-ClusterId{value='5c47c91ad9a538037ea83844', description='null'}-localhost:27017] INFO  org.mongodb.driver.cluster - Exception in monitor thread while connecting to server localhost:27017
"com.mongodb.MongoSocketOpenException: Exception opening socket
	at com.mongodb.internal.connection.SocketStream.open(SocketStream.java:67)
	at com.mongodb.internal.connection.InternalStreamConnection.open(InternalStreamConnection.java:126)
	at com.mongodb.internal.connection.DefaultServerMonitor$ServerMonitorRunnable.run(DefaultServerMonitor.java:117)
	at java.base/java.lang.Thread.run(Thread.java:844)
Caused by: java.net.ConnectException: Connection refused (Connection refused)
	at java.base/java.net.PlainSocketImpl.socketConnect(Native Method)
	at java.base/java.net.AbstractPlainSocketImpl.doConnect(AbstractPlainSocketImpl.java:400)
	at java.base/java.net.AbstractPlainSocketImpl.connectToAddress(AbstractPlainSocketImpl.java:243)
	at java.base/java.net.AbstractPlainSocketImpl.connect(AbstractPlainSocketImpl.java:225)
	at java.base/java.net.SocksSocketImpl.connect(SocksSocketImpl.java:402)
	at java.base/java.net.Socket.connect(Socket.java:591)
	at com.mongodb.internal.connection.SocketStreamHelper.initialize(SocketStreamHelper.java:64)
	at com.mongodb.internal.connection.SocketStream.open(SocketStream.java:62)
	... 3 common frames omitted
"2019-01-23 07:23:30 [main] INFO  o.s.s.c.ThreadPoolTaskExecutor - Initializing ExecutorService 'applicationTaskExecutor'
""2019-01-23 07:23:31 [main] INFO  o.s.b.t.m.w.SpringBootMockServletContext - Initializing Spring TestDispatcherServlet ''
""2019-01-23 07:23:31 [main] INFO  o.s.t.w.s.TestDispatcherServlet - Initializing Servlet ''
""2019-01-23 07:23:31 [main] INFO  o.s.t.w.s.TestDispatcherServlet - Completed initialization in 11 ms
""2019-01-23 07:23:31 [main] INFO  c.s.n.controller.EventControllerTest - Started EventControllerTest in 0.578 seconds (JVM running for 7.239)
""2019-01-23 07:23:31 [main] INFO  o.s.mock.web.MockServletContext - Initializing Spring TestDispatcherServlet ''
""2019-01-23 07:23:31 [main] INFO  o.s.t.w.s.TestDispatcherServlet - Initializing Servlet ''
""2019-01-23 07:23:31 [main] INFO  o.s.t.w.s.TestDispatcherServlet - Completed initialization in 0 ms
""2019-01-23 07:23:31 [main] INFO  c.s.n.controller.EventController - event mapping hit event deleted======
""2019-01-23 07:23:31 [main] INFO  o.s.mock.web.MockServletContext - Initializing Spring TestDispatcherServlet ''
""2019-01-23 07:23:31 [main] INFO  o.s.t.w.s.TestDispatcherServlet - Initializing Servlet ''
""2019-01-23 07:23:31 [main] INFO  o.s.t.w.s.TestDispatcherServlet - Completed initialization in 0 ms
""2019-01-23 07:23:31 [main] INFO  o.s.mock.web.MockServletContext - Initializing Spring TestDispatcherServlet ''
""2019-01-23 07:23:31 [main] INFO  o.s.t.w.s.TestDispatcherServlet - Initializing Servlet ''
""2019-01-23 07:23:31 [main] INFO  o.s.t.w.s.TestDispatcherServlet - Completed initialization in 0 ms
""2019-01-23 07:23:31 [main] INFO  c.s.n.controller.EventController - upadte event hit
""2019-01-23 07:23:31 [main] INFO  c.s.n.controller.EventController - updated event+++++null
""2019-01-23 07:23:31 [main] INFO  o.s.mock.web.MockServletContext - Initializing Spring TestDispatcherServlet ''
""2019-01-23 07:23:31 [main] INFO  o.s.t.w.s.TestDispatcherServlet - Initializing Servlet ''
""2019-01-23 07:23:31 [main] INFO  o.s.t.w.s.TestDispatcherServlet - Completed initialization in 0 ms
""2019-01-23 07:23:31 [main] INFO  c.s.n.controller.EventController - getAllEvevnt hit
""2019-01-23 07:23:31 [main] INFO  o.s.mock.web.MockServletContext - Initializing Spring TestDispatcherServlet ''
""2019-01-23 07:23:31 [main] INFO  o.s.t.w.s.TestDispatcherServlet - Initializing Servlet ''
""2019-01-23 07:23:31 [main] INFO  o.s.t.w.s.TestDispatcherServlet - Completed initialization in 0 ms
""2019-01-23 07:23:31 [main] INFO  o.s.mock.web.MockServletContext - Initializing Spring TestDispatcherServlet ''
""2019-01-23 07:23:31 [main] INFO  o.s.t.w.s.TestDispatcherServlet - Initializing Servlet ''
""2019-01-23 07:23:31 [main] INFO  o.s.t.w.s.TestDispatcherServlet - Completed initialization in 1 ms
""2019-01-23 07:23:31 [Thread-3] INFO  o.s.s.c.ThreadPoolTaskExecutor - Shutting down ExecutorService 'applicationTaskExecutor'
""2019-01-23 07:23:31 [Thread-1] INFO  o.s.s.c.ThreadPoolTaskExecutor - Shutting down ExecutorService 'applicationTaskExecutor'
""2019-01-23 07:23:32 [main] INFO  s.d.s.w.PropertySourcedRequestMappingHandlerMapping - Mapped URL path [/v2/api-docs] onto method [public org.springframework.http.ResponseEntity<springfox.documentation.spring.web.json.Json> springfox.documentation.swagger2.web.Swagger2Controller.getDocumentation(java.lang.String,javax.servlet.http.HttpServletRequest)]
""2019-01-23 07:23:32 [main] INFO  o.s.s.c.ThreadPoolTaskExecutor - Initializing ExecutorService 'applicationTaskExecutor'
""2019-01-23 07:23:32 [main] INFO  s.d.s.w.p.DocumentationPluginsBootstrapper - Context refreshed
""2019-01-23 07:23:32 [main] INFO  s.d.s.w.p.DocumentationPluginsBootstrapper - Found 1 custom documentation plugin(s)
""2019-01-23 07:23:32 [main] INFO  s.d.s.w.s.ApiListingReferenceScanner - Scanning for api listing references
""2019-01-23 07:23:33 [main] INFO  c.s.n.NexteventApplicationTests - Started NexteventApplicationTests in 5.06 seconds (JVM running for 6.992)
""2019-01-23 07:23:33 [main] INFO  o.s.b.t.a.w.s.WebMvcTestContextBootstrapper - Neither @ContextConfiguration nor @ContextHierarchy found for test class [com.stackroute.nextevent.controller.EventControllerTest], using SpringBootContextLoader
""2019-01-23 07:23:33 [main] INFO  o.s.t.c.s.AbstractContextLoader - Could not detect default resource locations for test class [com.stackroute.nextevent.controller.EventControllerTest]: no resource found for suffixes {-context.xml, Context.groovy}.
""2019-01-23 07:23:33 [main] INFO  o.s.t.c.s.AnnotationConfigContextLoaderUtils - Could not detect default configuration classes for test class [com.stackroute.nextevent.controller.EventControllerTest]: EventControllerTest does not declare any static, non-private, non-final, nested classes annotated with @Configuration.
""2019-01-23 07:23:33 [main] INFO  o.s.b.t.c.SpringBootTestContextBootstrapper - Found @SpringBootConfiguration com.stackroute.nextevent.NexteventApplication for test class com.stackroute.nextevent.controller.EventControllerTest
""2019-01-23 07:23:33 [main] INFO  o.s.b.t.a.w.s.WebMvcTestContextBootstrapper - Loaded default TestExecutionListener class names from location [META-INF/spring.factories]: [org.springframework.boot.test.mock.mockito.MockitoTestExecutionListener, org.springframework.boot.test.mock.mockito.ResetMocksTestExecutionListener, org.springframework.boot.test.autoconfigure.restdocs.RestDocsTestExecutionListener, org.springframework.boot.test.autoconfigure.web.client.MockRestServiceServerResetTestExecutionListener, org.springframework.boot.test.autoconfigure.web.servlet.MockMvcPrintOnlyOnFailureTestExecutionListener, org.springframework.boot.test.autoconfigure.web.servlet.WebDriverTestExecutionListener, org.springframework.test.context.web.ServletTestExecutionListener, org.springframework.test.context.support.DirtiesContextBeforeModesTestExecutionListener, org.springframework.test.context.support.DependencyInjectionTestExecutionListener, org.springframework.test.context.support.DirtiesContextTestExecutionListener, org.springframework.test.context.transaction.TransactionalTestExecutionListener, org.springframework.test.context.jdbc.SqlScriptsTestExecutionListener]
""2019-01-23 07:23:33 [main] INFO  o.s.b.t.a.w.s.WebMvcTestContextBootstrapper - Using TestExecutionListeners: [org.springframework.test.context.web.ServletTestExecutionListener@1f7557fe, org.springframework.test.context.support.DirtiesContextBeforeModesTestExecutionListener@7bd7d71c, org.springframework.boot.test.mock.mockito.MockitoTestExecutionListener@52963839, org.springframework.boot.test.autoconfigure.SpringBootDependencyInjectionTestExecutionListener@ce0bbd5, org.springframework.test.context.support.DirtiesContextTestExecutionListener@399fd710, org.springframework.test.context.transaction.TransactionalTestExecutionListener@7c359808, org.springframework.test.context.jdbc.SqlScriptsTestExecutionListener@1f013047, org.springframework.boot.test.mock.mockito.ResetMocksTestExecutionListener@16361e61, org.springframework.boot.test.autoconfigure.restdocs.RestDocsTestExecutionListener@51566ce0, org.springframework.boot.test.autoconfigure.web.client.MockRestServiceServerResetTestExecutionListener@1734b1a, org.springframework.boot.test.autoconfigure.web.servlet.MockMvcPrintOnlyOnFailureTestExecutionListener@17e6d07b, org.springframework.boot.test.autoconfigure.web.servlet.WebDriverTestExecutionListener@318511f0]
""2019-01-23 07:23:33 [main] INFO  c.s.n.controller.EventControllerTest - Starting EventControllerTest on BLR-STR-SANJU with PID 894 (started by sanju in /home/sanju/Downloads/nextevent/eventbrite-service)
""2019-01-23 07:23:33 [main] DEBUG c.s.n.controller.EventControllerTest - Running with Spring Boot v2.1.1.RELEASE, Spring v5.1.3.RELEASE
""2019-01-23 07:23:33 [main] INFO  c.s.n.controller.EventControllerTest - No active profile set, falling back to default profiles: default
""2019-01-23 07:23:33 [main] INFO  o.s.s.c.ThreadPoolTaskExecutor - Initializing ExecutorService 'applicationTaskExecutor'
""2019-01-23 07:23:33 [main] INFO  o.s.b.t.m.w.SpringBootMockServletContext - Initializing Spring TestDispatcherServlet ''
""2019-01-23 07:23:33 [main] INFO  o.s.t.w.s.TestDispatcherServlet - Initializing Servlet ''
""2019-01-23 07:23:33 [main] INFO  o.s.t.w.s.TestDispatcherServlet - Completed initialization in 8 ms
""2019-01-23 07:23:33 [main] INFO  c.s.n.controller.EventControllerTest - Started EventControllerTest in 0.447 seconds (JVM running for 7.515)
""2019-01-23 07:23:33 [main] INFO  o.s.mock.web.MockServletContext - Initializing Spring TestDispatcherServlet ''
""2019-01-23 07:23:33 [main] INFO  o.s.t.w.s.TestDispatcherServlet - Initializing Servlet ''
""2019-01-23 07:23:33 [main] INFO  o.s.t.w.s.TestDispatcherServlet - Completed initialization in 0 ms
""2019-01-23 07:23:33 [main] INFO  c.s.n.controller.EventController - event mapping hit event deleted======
""2019-01-23 07:23:33 [main] INFO  o.s.mock.web.MockServletContext - Initializing Spring TestDispatcherServlet ''
""2019-01-23 07:23:33 [main] INFO  o.s.t.w.s.TestDispatcherServlet - Initializing Servlet ''
""2019-01-23 07:23:33 [main] INFO  o.s.t.w.s.TestDispatcherServlet - Completed initialization in 0 ms
""2019-01-23 07:23:33 [main] INFO  o.s.mock.web.MockServletContext - Initializing Spring TestDispatcherServlet ''
""2019-01-23 07:23:33 [main] INFO  o.s.t.w.s.TestDispatcherServlet - Initializing Servlet ''
""2019-01-23 07:23:33 [main] INFO  o.s.t.w.s.TestDispatcherServlet - Completed initialization in 0 ms
""2019-01-23 07:23:33 [main] INFO  c.s.n.controller.EventController - upadte event hit
""2019-01-23 07:23:33 [main] INFO  c.s.n.controller.EventController - updated event+++++null
""2019-01-23 07:23:33 [main] INFO  o.s.mock.web.MockServletContext - Initializing Spring TestDispatcherServlet ''
""2019-01-23 07:23:33 [main] INFO  o.s.t.w.s.TestDispatcherServlet - Initializing Servlet ''
""2019-01-23 07:23:33 [main] INFO  o.s.t.w.s.TestDispatcherServlet - Completed initialization in 0 ms
""2019-01-23 07:23:33 [main] INFO  c.s.n.controller.EventController - getAllEvevnt hit
""2019-01-23 07:23:33 [main] INFO  o.s.mock.web.MockServletContext - Initializing Spring TestDispatcherServlet ''
""2019-01-23 07:23:33 [main] INFO  o.s.t.w.s.TestDispatcherServlet - Initializing Servlet ''
""2019-01-23 07:23:33 [main] INFO  o.s.t.w.s.TestDispatcherServlet - Completed initialization in 0 ms
""2019-01-23 07:23:33 [main] INFO  o.s.mock.web.MockServletContext - Initializing Spring TestDispatcherServlet ''
""2019-01-23 07:23:33 [main] INFO  o.s.t.w.s.TestDispatcherServlet - Initializing Servlet ''
""2019-01-23 07:23:33 [main] INFO  o.s.t.w.s.TestDispatcherServlet - Completed initialization in 0 ms
""2019-01-23 07:23:33 [Thread-3] INFO  o.s.s.c.ThreadPoolTaskExecutor - Shutting down ExecutorService 'applicationTaskExecutor'
""2019-01-23 07:23:33 [Thread-1] INFO  o.s.s.c.ThreadPoolTaskExecutor - Shutting down ExecutorService 'applicationTaskExecutor'
""2019-01-23 07:39:48 [main] INFO  c.s.n.NexteventApplicationTests - Starting NexteventApplicationTests on BLR-STR-SANJU with PID 3902 (started by sanju in /home/sanju/Downloads/nextevent/eventbrite-service)
""2019-01-23 07:39:48 [main] DEBUG c.s.n.NexteventApplicationTests - Running with Spring Boot v2.1.1.RELEASE, Spring v5.1.3.RELEASE
""2019-01-23 07:39:48 [main] INFO  c.s.n.NexteventApplicationTests - No active profile set, falling back to default profiles: default
""2019-01-23 07:39:50 [main] INFO  o.s.d.r.c.RepositoryConfigurationDelegate - Bootstrapping Spring Data repositories in DEFAULT mode.
""2019-01-23 07:39:50 [main] INFO  c.s.n.NexteventApplicationTests - Starting NexteventApplicationTests on BLR-STR-SANJU with PID 3955 (started by sanju in /home/sanju/Downloads/nextevent/eventbrite-service)
""2019-01-23 07:39:50 [main] DEBUG c.s.n.NexteventApplicationTests - Running with Spring Boot v2.1.1.RELEASE, Spring v5.1.3.RELEASE
""2019-01-23 07:39:50 [main] INFO  c.s.n.NexteventApplicationTests - No active profile set, falling back to default profiles: default
""2019-01-23 07:39:50 [main] INFO  o.s.d.r.c.RepositoryConfigurationDelegate - Finished Spring Data repository scanning in 82ms. Found 1 repository interfaces.
""2019-01-23 07:39:51 [main] INFO  org.mongodb.driver.cluster - Cluster created with settings {hosts=[localhost:27017], mode=SINGLE, requiredClusterType=UNKNOWN, serverSelectionTimeout='30000 ms', maxWaitQueueSize=500}
""2019-01-23 07:39:51 [cluster-ClusterId{value='5c47ccefd9a5380f3eff13fd', description='null'}-localhost:27017] INFO  org.mongodb.driver.cluster - Exception in monitor thread while connecting to server localhost:27017
"com.mongodb.MongoSocketOpenException: Exception opening socket
	at com.mongodb.internal.connection.SocketStream.open(SocketStream.java:67)
	at com.mongodb.internal.connection.InternalStreamConnection.open(InternalStreamConnection.java:126)
	at com.mongodb.internal.connection.DefaultServerMonitor$ServerMonitorRunnable.run(DefaultServerMonitor.java:117)
	at java.base/java.lang.Thread.run(Thread.java:844)
Caused by: java.net.ConnectException: Connection refused (Connection refused)
	at java.base/java.net.PlainSocketImpl.socketConnect(Native Method)
	at java.base/java.net.AbstractPlainSocketImpl.doConnect(AbstractPlainSocketImpl.java:400)
	at java.base/java.net.AbstractPlainSocketImpl.connectToAddress(AbstractPlainSocketImpl.java:243)
	at java.base/java.net.AbstractPlainSocketImpl.connect(AbstractPlainSocketImpl.java:225)
	at java.base/java.net.SocksSocketImpl.connect(SocksSocketImpl.java:402)
	at java.base/java.net.Socket.connect(Socket.java:591)
	at com.mongodb.internal.connection.SocketStreamHelper.initialize(SocketStreamHelper.java:64)
	at com.mongodb.internal.connection.SocketStream.open(SocketStream.java:62)
	... 3 common frames omitted
"2019-01-23 07:39:51 [main] INFO  o.s.d.r.c.RepositoryConfigurationDelegate - Bootstrapping Spring Data repositories in DEFAULT mode.
""2019-01-23 07:39:51 [main] INFO  o.s.d.r.c.RepositoryConfigurationDelegate - Finished Spring Data repository scanning in 57ms. Found 1 repository interfaces.
""2019-01-23 07:39:52 [main] INFO  s.d.s.w.PropertySourcedRequestMappingHandlerMapping - Mapped URL path [/v2/api-docs] onto method [public org.springframework.http.ResponseEntity<springfox.documentation.spring.web.json.Json> springfox.documentation.swagger2.web.Swagger2Controller.getDocumentation(java.lang.String,javax.servlet.http.HttpServletRequest)]
""2019-01-23 07:39:52 [main] INFO  org.mongodb.driver.cluster - Cluster created with settings {hosts=[localhost:27017], mode=SINGLE, requiredClusterType=UNKNOWN, serverSelectionTimeout='30000 ms', maxWaitQueueSize=500}
""2019-01-23 07:39:52 [cluster-ClusterId{value='5c47ccf0d9a5380f7360a88d', description='null'}-localhost:27017] INFO  org.mongodb.driver.cluster - Exception in monitor thread while connecting to server localhost:27017
"com.mongodb.MongoSocketOpenException: Exception opening socket
	at com.mongodb.internal.connection.SocketStream.open(SocketStream.java:67)
	at com.mongodb.internal.connection.InternalStreamConnection.open(InternalStreamConnection.java:126)
	at com.mongodb.internal.connection.DefaultServerMonitor$ServerMonitorRunnable.run(DefaultServerMonitor.java:117)
	at java.base/java.lang.Thread.run(Thread.java:844)
Caused by: java.net.ConnectException: Connection refused (Connection refused)
	at java.base/java.net.PlainSocketImpl.socketConnect(Native Method)
	at java.base/java.net.AbstractPlainSocketImpl.doConnect(AbstractPlainSocketImpl.java:400)
	at java.base/java.net.AbstractPlainSocketImpl.connectToAddress(AbstractPlainSocketImpl.java:243)
	at java.base/java.net.AbstractPlainSocketImpl.connect(AbstractPlainSocketImpl.java:225)
	at java.base/java.net.SocksSocketImpl.connect(SocksSocketImpl.java:402)
	at java.base/java.net.Socket.connect(Socket.java:591)
	at com.mongodb.internal.connection.SocketStreamHelper.initialize(SocketStreamHelper.java:64)
	at com.mongodb.internal.connection.SocketStream.open(SocketStream.java:62)
	... 3 common frames omitted
"2019-01-23 07:39:53 [main] INFO  o.s.s.c.ThreadPoolTaskExecutor - Initializing ExecutorService 'applicationTaskExecutor'
""2019-01-23 07:39:53 [main] INFO  s.d.s.w.p.DocumentationPluginsBootstrapper - Context refreshed
""2019-01-23 07:39:53 [main] INFO  s.d.s.w.p.DocumentationPluginsBootstrapper - Found 1 custom documentation plugin(s)
""2019-01-23 07:39:53 [main] INFO  s.d.s.w.s.ApiListingReferenceScanner - Scanning for api listing references
""2019-01-23 07:39:53 [main] INFO  c.s.n.NexteventApplicationTests - Started NexteventApplicationTests in 5.136 seconds (JVM running for 6.782)
""2019-01-23 07:39:53 [main] INFO  o.s.b.t.a.w.s.WebMvcTestContextBootstrapper - Neither @ContextConfiguration nor @ContextHierarchy found for test class [com.stackroute.nextevent.controller.EventControllerTest], using SpringBootContextLoader
""2019-01-23 07:39:53 [main] INFO  o.s.t.c.s.AbstractContextLoader - Could not detect default resource locations for test class [com.stackroute.nextevent.controller.EventControllerTest]: no resource found for suffixes {-context.xml, Context.groovy}.
""2019-01-23 07:39:53 [main] INFO  o.s.t.c.s.AnnotationConfigContextLoaderUtils - Could not detect default configuration classes for test class [com.stackroute.nextevent.controller.EventControllerTest]: EventControllerTest does not declare any static, non-private, non-final, nested classes annotated with @Configuration.
""2019-01-23 07:39:53 [main] INFO  o.s.b.t.c.SpringBootTestContextBootstrapper - Found @SpringBootConfiguration com.stackroute.nextevent.NexteventApplication for test class com.stackroute.nextevent.controller.EventControllerTest
""2019-01-23 07:39:53 [main] INFO  o.s.b.t.a.w.s.WebMvcTestContextBootstrapper - Loaded default TestExecutionListener class names from location [META-INF/spring.factories]: [org.springframework.boot.test.mock.mockito.MockitoTestExecutionListener, org.springframework.boot.test.mock.mockito.ResetMocksTestExecutionListener, org.springframework.boot.test.autoconfigure.restdocs.RestDocsTestExecutionListener, org.springframework.boot.test.autoconfigure.web.client.MockRestServiceServerResetTestExecutionListener, org.springframework.boot.test.autoconfigure.web.servlet.MockMvcPrintOnlyOnFailureTestExecutionListener, org.springframework.boot.test.autoconfigure.web.servlet.WebDriverTestExecutionListener, org.springframework.test.context.web.ServletTestExecutionListener, org.springframework.test.context.support.DirtiesContextBeforeModesTestExecutionListener, org.springframework.test.context.support.DependencyInjectionTestExecutionListener, org.springframework.test.context.support.DirtiesContextTestExecutionListener, org.springframework.test.context.transaction.TransactionalTestExecutionListener, org.springframework.test.context.jdbc.SqlScriptsTestExecutionListener]
""2019-01-23 07:39:53 [main] INFO  o.s.b.t.a.w.s.WebMvcTestContextBootstrapper - Using TestExecutionListeners: [org.springframework.test.context.web.ServletTestExecutionListener@4e26c308, org.springframework.test.context.support.DirtiesContextBeforeModesTestExecutionListener@7c8f803d, org.springframework.boot.test.mock.mockito.MockitoTestExecutionListener@176e839e, org.springframework.boot.test.autoconfigure.SpringBootDependencyInjectionTestExecutionListener@4ac0d49, org.springframework.test.context.support.DirtiesContextTestExecutionListener@7c6ab057, org.springframework.test.context.transaction.TransactionalTestExecutionListener@7ce4498f, org.springframework.test.context.jdbc.SqlScriptsTestExecutionListener@1f7557fe, org.springframework.boot.test.mock.mockito.ResetMocksTestExecutionListener@7bd7d71c, org.springframework.boot.test.autoconfigure.restdocs.RestDocsTestExecutionListener@52963839, org.springframework.boot.test.autoconfigure.web.client.MockRestServiceServerResetTestExecutionListener@ce0bbd5, org.springframework.boot.test.autoconfigure.web.servlet.MockMvcPrintOnlyOnFailureTestExecutionListener@399fd710, org.springframework.boot.test.autoconfigure.web.servlet.WebDriverTestExecutionListener@7c359808]
""2019-01-23 07:39:53 [main] INFO  c.s.n.controller.EventControllerTest - Starting EventControllerTest on BLR-STR-SANJU with PID 3902 (started by sanju in /home/sanju/Downloads/nextevent/eventbrite-service)
""2019-01-23 07:39:53 [main] DEBUG c.s.n.controller.EventControllerTest - Running with Spring Boot v2.1.1.RELEASE, Spring v5.1.3.RELEASE
""2019-01-23 07:39:53 [main] INFO  c.s.n.controller.EventControllerTest - No active profile set, falling back to default profiles: default
""2019-01-23 07:39:54 [main] INFO  s.d.s.w.PropertySourcedRequestMappingHandlerMapping - Mapped URL path [/v2/api-docs] onto method [public org.springframework.http.ResponseEntity<springfox.documentation.spring.web.json.Json> springfox.documentation.swagger2.web.Swagger2Controller.getDocumentation(java.lang.String,javax.servlet.http.HttpServletRequest)]
""2019-01-23 07:39:54 [main] INFO  o.s.s.c.ThreadPoolTaskExecutor - Initializing ExecutorService 'applicationTaskExecutor'
""2019-01-23 07:39:54 [main] INFO  o.s.b.t.m.w.SpringBootMockServletContext - Initializing Spring TestDispatcherServlet ''
""2019-01-23 07:39:54 [main] INFO  o.s.t.w.s.TestDispatcherServlet - Initializing Servlet ''
""2019-01-23 07:39:54 [main] INFO  o.s.t.w.s.TestDispatcherServlet - Completed initialization in 12 ms
""2019-01-23 07:39:54 [main] INFO  c.s.n.controller.EventControllerTest - Started EventControllerTest in 0.695 seconds (JVM running for 7.573)
""2019-01-23 07:39:54 [main] INFO  o.s.mock.web.MockServletContext - Initializing Spring TestDispatcherServlet ''
""2019-01-23 07:39:54 [main] INFO  o.s.t.w.s.TestDispatcherServlet - Initializing Servlet ''
""2019-01-23 07:39:54 [main] INFO  o.s.t.w.s.TestDispatcherServlet - Completed initialization in 0 ms
""2019-01-23 07:39:54 [main] INFO  c.s.n.controller.EventController - event mapping hit event deleted======
""2019-01-23 07:39:54 [main] INFO  o.s.s.c.ThreadPoolTaskExecutor - Initializing ExecutorService 'applicationTaskExecutor'
""2019-01-23 07:39:54 [main] INFO  o.s.mock.web.MockServletContext - Initializing Spring TestDispatcherServlet ''
""2019-01-23 07:39:54 [main] INFO  o.s.t.w.s.TestDispatcherServlet - Initializing Servlet ''
""2019-01-23 07:39:54 [main] INFO  o.s.t.w.s.TestDispatcherServlet - Completed initialization in 0 ms
""2019-01-23 07:39:54 [main] INFO  o.s.mock.web.MockServletContext - Initializing Spring TestDispatcherServlet ''
""2019-01-23 07:39:54 [main] INFO  o.s.t.w.s.TestDispatcherServlet - Initializing Servlet ''
""2019-01-23 07:39:54 [main] INFO  o.s.t.w.s.TestDispatcherServlet - Completed initialization in 1 ms
""2019-01-23 07:39:54 [main] INFO  c.s.n.controller.EventController - upadte event hit
""2019-01-23 07:39:54 [main] INFO  c.s.n.controller.EventController - updated event+++++null
""2019-01-23 07:39:54 [main] INFO  o.s.mock.web.MockServletContext - Initializing Spring TestDispatcherServlet ''
""2019-01-23 07:39:54 [main] INFO  o.s.t.w.s.TestDispatcherServlet - Initializing Servlet ''
""2019-01-23 07:39:54 [main] INFO  o.s.t.w.s.TestDispatcherServlet - Completed initialization in 1 ms
""2019-01-23 07:39:54 [main] INFO  c.s.n.controller.EventController - getAllEvevnt hit
""2019-01-23 07:39:54 [main] INFO  o.s.mock.web.MockServletContext - Initializing Spring TestDispatcherServlet ''
""2019-01-23 07:39:54 [main] INFO  o.s.t.w.s.TestDispatcherServlet - Initializing Servlet ''
""2019-01-23 07:39:54 [main] INFO  o.s.t.w.s.TestDispatcherServlet - Completed initialization in 0 ms
""2019-01-23 07:39:55 [main] INFO  o.s.mock.web.MockServletContext - Initializing Spring TestDispatcherServlet ''
""2019-01-23 07:39:55 [main] INFO  o.s.t.w.s.TestDispatcherServlet - Initializing Servlet ''
""2019-01-23 07:39:55 [main] INFO  o.s.t.w.s.TestDispatcherServlet - Completed initialization in 0 ms
""2019-01-23 07:39:55 [main] INFO  s.d.s.w.p.DocumentationPluginsBootstrapper - Context refreshed
""2019-01-23 07:39:55 [main] INFO  s.d.s.w.p.DocumentationPluginsBootstrapper - Found 1 custom documentation plugin(s)
""2019-01-23 07:39:55 [main] INFO  s.d.s.w.s.ApiListingReferenceScanner - Scanning for api listing references
""2019-01-23 07:39:55 [Thread-1] INFO  o.s.s.c.ThreadPoolTaskExecutor - Shutting down ExecutorService 'applicationTaskExecutor'
""2019-01-23 07:39:55 [Thread-3] INFO  o.s.s.c.ThreadPoolTaskExecutor - Shutting down ExecutorService 'applicationTaskExecutor'
""2019-01-23 07:39:55 [main] INFO  c.s.n.NexteventApplicationTests - Started NexteventApplicationTests in 5.364 seconds (JVM running for 7.376)
""2019-01-23 07:39:55 [main] INFO  o.s.b.t.a.w.s.WebMvcTestContextBootstrapper - Neither @ContextConfiguration nor @ContextHierarchy found for test class [com.stackroute.nextevent.controller.EventControllerTest], using SpringBootContextLoader
""2019-01-23 07:39:55 [main] INFO  o.s.t.c.s.AbstractContextLoader - Could not detect default resource locations for test class [com.stackroute.nextevent.controller.EventControllerTest]: no resource found for suffixes {-context.xml, Context.groovy}.
""2019-01-23 07:39:55 [main] INFO  o.s.t.c.s.AnnotationConfigContextLoaderUtils - Could not detect default configuration classes for test class [com.stackroute.nextevent.controller.EventControllerTest]: EventControllerTest does not declare any static, non-private, non-final, nested classes annotated with @Configuration.
""2019-01-23 07:39:55 [main] INFO  o.s.b.t.c.SpringBootTestContextBootstrapper - Found @SpringBootConfiguration com.stackroute.nextevent.NexteventApplication for test class com.stackroute.nextevent.controller.EventControllerTest
""2019-01-23 07:39:55 [main] INFO  o.s.b.t.a.w.s.WebMvcTestContextBootstrapper - Loaded default TestExecutionListener class names from location [META-INF/spring.factories]: [org.springframework.boot.test.mock.mockito.MockitoTestExecutionListener, org.springframework.boot.test.mock.mockito.ResetMocksTestExecutionListener, org.springframework.boot.test.autoconfigure.restdocs.RestDocsTestExecutionListener, org.springframework.boot.test.autoconfigure.web.client.MockRestServiceServerResetTestExecutionListener, org.springframework.boot.test.autoconfigure.web.servlet.MockMvcPrintOnlyOnFailureTestExecutionListener, org.springframework.boot.test.autoconfigure.web.servlet.WebDriverTestExecutionListener, org.springframework.test.context.web.ServletTestExecutionListener, org.springframework.test.context.support.DirtiesContextBeforeModesTestExecutionListener, org.springframework.test.context.support.DependencyInjectionTestExecutionListener, org.springframework.test.context.support.DirtiesContextTestExecutionListener, org.springframework.test.context.transaction.TransactionalTestExecutionListener, org.springframework.test.context.jdbc.SqlScriptsTestExecutionListener]
""2019-01-23 07:39:55 [main] INFO  o.s.b.t.a.w.s.WebMvcTestContextBootstrapper - Using TestExecutionListeners: [org.springframework.test.context.web.ServletTestExecutionListener@6a97517, org.springframework.test.context.support.DirtiesContextBeforeModesTestExecutionListener@284b487f, org.springframework.boot.test.mock.mockito.MockitoTestExecutionListener@65021bb4, org.springframework.boot.test.autoconfigure.SpringBootDependencyInjectionTestExecutionListener@630c3af3, org.springframework.test.context.support.DirtiesContextTestExecutionListener@2e40ea48, org.springframework.test.context.transaction.TransactionalTestExecutionListener@5cba474f, org.springframework.test.context.jdbc.SqlScriptsTestExecutionListener@291028d7, org.springframework.boot.test.mock.mockito.ResetMocksTestExecutionListener@2b4954a4, org.springframework.boot.test.autoconfigure.restdocs.RestDocsTestExecutionListener@2f2f92f, org.springframework.boot.test.autoconfigure.web.client.MockRestServiceServerResetTestExecutionListener@cfc4601, org.springframework.boot.test.autoconfigure.web.servlet.MockMvcPrintOnlyOnFailureTestExecutionListener@240291d9, org.springframework.boot.test.autoconfigure.web.servlet.WebDriverTestExecutionListener@450f0d89]
""2019-01-23 07:39:55 [main] INFO  c.s.n.controller.EventControllerTest - Starting EventControllerTest on BLR-STR-SANJU with PID 3955 (started by sanju in /home/sanju/Downloads/nextevent/eventbrite-service)
""2019-01-23 07:39:55 [main] DEBUG c.s.n.controller.EventControllerTest - Running with Spring Boot v2.1.1.RELEASE, Spring v5.1.3.RELEASE
""2019-01-23 07:39:55 [main] INFO  c.s.n.controller.EventControllerTest - No active profile set, falling back to default profiles: default
""2019-01-23 07:39:55 [main] INFO  o.s.s.c.ThreadPoolTaskExecutor - Initializing ExecutorService 'applicationTaskExecutor'
""2019-01-23 07:39:55 [main] INFO  o.s.b.t.m.w.SpringBootMockServletContext - Initializing Spring TestDispatcherServlet ''
""2019-01-23 07:39:55 [main] INFO  o.s.t.w.s.TestDispatcherServlet - Initializing Servlet ''
""2019-01-23 07:39:55 [main] INFO  o.s.t.w.s.TestDispatcherServlet - Completed initialization in 11 ms
""2019-01-23 07:39:55 [main] INFO  c.s.n.controller.EventControllerTest - Started EventControllerTest in 0.485 seconds (JVM running for 7.921)
""2019-01-23 07:39:55 [main] INFO  o.s.mock.web.MockServletContext - Initializing Spring TestDispatcherServlet ''
""2019-01-23 07:39:55 [main] INFO  o.s.t.w.s.TestDispatcherServlet - Initializing Servlet ''
""2019-01-23 07:39:55 [main] INFO  o.s.t.w.s.TestDispatcherServlet - Completed initialization in 0 ms
""2019-01-23 07:39:55 [main] INFO  c.s.n.controller.EventController - event mapping hit event deleted======
""2019-01-23 07:39:55 [main] INFO  o.s.mock.web.MockServletContext - Initializing Spring TestDispatcherServlet ''
""2019-01-23 07:39:55 [main] INFO  o.s.t.w.s.TestDispatcherServlet - Initializing Servlet ''
""2019-01-23 07:39:55 [main] INFO  o.s.t.w.s.TestDispatcherServlet - Completed initialization in 0 ms
""2019-01-23 07:39:56 [main] INFO  o.s.mock.web.MockServletContext - Initializing Spring TestDispatcherServlet ''
""2019-01-23 07:39:56 [main] INFO  o.s.t.w.s.TestDispatcherServlet - Initializing Servlet ''
""2019-01-23 07:39:56 [main] INFO  o.s.t.w.s.TestDispatcherServlet - Completed initialization in 0 ms
""2019-01-23 07:39:56 [main] INFO  c.s.n.controller.EventController - upadte event hit
""2019-01-23 07:39:56 [main] INFO  c.s.n.controller.EventController - updated event+++++null
""2019-01-23 07:39:56 [main] INFO  o.s.mock.web.MockServletContext - Initializing Spring TestDispatcherServlet ''
""2019-01-23 07:39:56 [main] INFO  o.s.t.w.s.TestDispatcherServlet - Initializing Servlet ''
""2019-01-23 07:39:56 [main] INFO  o.s.t.w.s.TestDispatcherServlet - Completed initialization in 0 ms
""2019-01-23 07:39:56 [main] INFO  c.s.n.controller.EventController - getAllEvevnt hit
""2019-01-23 07:39:56 [main] INFO  o.s.mock.web.MockServletContext - Initializing Spring TestDispatcherServlet ''
""2019-01-23 07:39:56 [main] INFO  o.s.t.w.s.TestDispatcherServlet - Initializing Servlet ''
""2019-01-23 07:39:56 [main] INFO  o.s.t.w.s.TestDispatcherServlet - Completed initialization in 0 ms
""2019-01-23 07:39:56 [main] INFO  o.s.mock.web.MockServletContext - Initializing Spring TestDispatcherServlet ''
""2019-01-23 07:39:56 [main] INFO  o.s.t.w.s.TestDispatcherServlet - Initializing Servlet ''
""2019-01-23 07:39:56 [main] INFO  o.s.t.w.s.TestDispatcherServlet - Completed initialization in 0 ms
""2019-01-23 07:39:56 [Thread-3] INFO  o.s.s.c.ThreadPoolTaskExecutor - Shutting down ExecutorService 'applicationTaskExecutor'
""2019-01-23 07:39:56 [Thread-1] INFO  o.s.s.c.ThreadPoolTaskExecutor - Shutting down ExecutorService 'applicationTaskExecutor'
""2019-01-23 07:41:02 [main] INFO  c.s.nextevent.NexteventApplication - Starting NexteventApplication on BLR-STR-SANJU with PID 4566 (/home/sanju/Downloads/nextevent/eventbrite-service/target/classes started by sanju in /home/sanju/Downloads/nextevent/eventbrite-service)
""2019-01-23 07:41:02 [main] DEBUG c.s.nextevent.NexteventApplication - Running with Spring Boot v2.1.1.RELEASE, Spring v5.1.3.RELEASE
""2019-01-23 07:41:02 [main] INFO  c.s.nextevent.NexteventApplication - No active profile set, falling back to default profiles: default
""2019-01-23 07:41:03 [main] INFO  o.s.d.r.c.RepositoryConfigurationDelegate - Bootstrapping Spring Data repositories in DEFAULT mode.
""2019-01-23 07:41:03 [main] INFO  o.s.d.r.c.RepositoryConfigurationDelegate - Finished Spring Data repository scanning in 54ms. Found 1 repository interfaces.
""2019-01-23 07:41:04 [main] INFO  o.s.b.w.e.tomcat.TomcatWebServer - Tomcat initialized with port(s): 8081 (http)
""2019-01-23 07:41:04 [main] INFO  o.a.catalina.core.StandardService - Starting service [Tomcat]
""2019-01-23 07:41:04 [main] INFO  o.a.catalina.core.StandardEngine - Starting Servlet Engine: Apache Tomcat/9.0.13
""2019-01-23 07:41:04 [main] INFO  o.a.c.core.AprLifecycleListener - The APR based Apache Tomcat Native library which allows optimal performance in production environments was not found on the java.library.path: [/usr/java/packages/lib:/usr/lib64:/lib64:/lib:/usr/lib]
""2019-01-23 07:41:04 [main] INFO  o.a.c.c.C.[Tomcat].[localhost].[/] - Initializing Spring embedded WebApplicationContext
""2019-01-23 07:41:05 [main] INFO  org.mongodb.driver.cluster - Cluster created with settings {hosts=[localhost:27017], mode=SINGLE, requiredClusterType=UNKNOWN, serverSelectionTimeout='30000 ms', maxWaitQueueSize=500}
""2019-01-23 07:41:05 [cluster-ClusterId{value='5c47cd39d9a53811d6ee875b', description='null'}-localhost:27017] INFO  org.mongodb.driver.connection - Opened connection [connectionId{localValue:1, serverValue:2}] to localhost:27017
""2019-01-23 07:41:05 [cluster-ClusterId{value='5c47cd39d9a53811d6ee875b', description='null'}-localhost:27017] INFO  org.mongodb.driver.cluster - Monitor thread successfully connected to server with description ServerDescription{address=localhost:27017, type=STANDALONE, state=CONNECTED, ok=true, version=ServerVersion{versionList=[4, 0, 4]}, minWireVersion=0, maxWireVersion=7, maxDocumentSize=16777216, logicalSessionTimeoutMinutes=30, roundTripTimeNanos=1932958}
""2019-01-23 07:41:05 [main] INFO  s.d.s.w.PropertySourcedRequestMappingHandlerMapping - Mapped URL path [/v2/api-docs] onto method [public org.springframework.http.ResponseEntity<springfox.documentation.spring.web.json.Json> springfox.documentation.swagger2.web.Swagger2Controller.getDocumentation(java.lang.String,javax.servlet.http.HttpServletRequest)]
""2019-01-23 07:41:05 [main] INFO  o.s.s.c.ThreadPoolTaskExecutor - Initializing ExecutorService 'applicationTaskExecutor'
""2019-01-23 07:41:05 [main] INFO  s.d.s.w.p.DocumentationPluginsBootstrapper - Context refreshed
""2019-01-23 07:41:05 [main] INFO  s.d.s.w.p.DocumentationPluginsBootstrapper - Found 1 custom documentation plugin(s)
""2019-01-23 07:41:06 [main] INFO  s.d.s.w.s.ApiListingReferenceScanner - Scanning for api listing references
""2019-01-23 07:41:06 [main] INFO  o.s.b.w.e.tomcat.TomcatWebServer - Tomcat started on port(s): 8081 (http) with context path ''
""2019-01-23 07:41:06 [main] INFO  c.s.nextevent.NexteventApplication - Started NexteventApplication in 3.768 seconds (JVM running for 4.208)
""2019-01-23 07:43:49 [http-nio-8081-exec-2] INFO  o.a.c.c.C.[Tomcat].[localhost].[/] - Initializing Spring DispatcherServlet 'dispatcherServlet'
""2019-01-23 07:43:49 [http-nio-8081-exec-2] INFO  c.s.n.controller.EventController - getAllEvevnt hit
""2019-01-23 07:43:49 [http-nio-8081-exec-2] INFO  org.mongodb.driver.connection - Opened connection [connectionId{localValue:2, serverValue:3}] to localhost:27017
""2019-01-23 09:14:11 [Thread-2] INFO  o.s.s.c.ThreadPoolTaskExecutor - Shutting down ExecutorService 'applicationTaskExecutor'
""2019-01-23 09:14:11 [Thread-2] INFO  org.mongodb.driver.connection - Closed connection [connectionId{localValue:2, serverValue:3}] to localhost:27017 because the pool has been closed.
"